#
# A fatal error has been detected by the Java Runtime Environment:
#
#  Internal Error (constantPoolOop.cpp:91), pid=33636, tid=32144
#  guarantee(error != (Symbol*)NULL) failed: tag mismatch with resolution error table
#
# JRE version: Java(TM) SE Runtime Environment (7.0_80-b15) (build 1.7.0_80-b15)
# Java VM: Java HotSpot(TM) 64-Bit Server VM (24.80-b11 mixed mode windows-amd64 compressed oops)
# Failed to write core dump. Minidumps are not enabled by default on client versions of Windows
#
# If you would like to submit a bug report, please visit:
#   http://bugreport.java.com/bugreport/crash.jsp
#

---------------  T H R E A D  ---------------

Current thread (0x0000000013778800):  JavaThread "nioEventLoopGroup-3-2" [_thread_in_vm, id=32144, stack(0x0000000000a10000,0x0000000000b10000)]

Stack: [0x0000000000a10000,0x0000000000b10000]
Java frames: (J=compiled Java code, j=interpreted, Vv=VM code)
j  Netty.Redis.RedisComm.<init>()V+42
j  Netty.Redis.RedisComm.getInstance()LNetty/Redis/RedisComm;+10
j  Netty.Handler.ClientConnectionHandler.channelActive(Lio/netty/channel/ChannelHandlerContext;)V+69
j  io.netty.channel.AbstractChannelHandlerContext.invokeChannelActive()V+15
j  io.netty.channel.AbstractChannelHandlerContext.invokeChannelActive(Lio/netty/channel/AbstractChannelHandlerContext;)V+15
j  io.netty.channel.AbstractChannelHandlerContext.fireChannelActive()Lio/netty/channel/ChannelHandlerContext;+6
j  io.netty.channel.DefaultChannelPipeline$HeadContext.channelActive(Lio/netty/channel/ChannelHandlerContext;)V+1
j  io.netty.channel.AbstractChannelHandlerContext.invokeChannelActive()V+15
j  io.netty.channel.AbstractChannelHandlerContext.invokeChannelActive(Lio/netty/channel/AbstractChannelHandlerContext;)V+15
j  io.netty.channel.DefaultChannelPipeline.fireChannelActive()Lio/netty/channel/ChannelPipeline;+4
j  io.netty.channel.AbstractChannel$AbstractUnsafe.register0(Lio/netty/channel/ChannelPromise;)V+91
j  io.netty.channel.AbstractChannel$AbstractUnsafe.access$200(Lio/netty/channel/AbstractChannel$AbstractUnsafe;Lio/netty/channel/ChannelPromise;)V+2
j  io.netty.channel.AbstractChannel$AbstractUnsafe$1.run()V+8
j  io.netty.util.concurrent.AbstractEventExecutor.safeExecute(Ljava/lang/Runnable;)V+1
j  io.netty.util.concurrent.SingleThreadEventExecutor.runAllTasks(J)Z+41
j  io.netty.channel.nio.NioEventLoop.run()V+329
j  io.netty.util.concurrent.SingleThreadEventExecutor$4.run()V+44
j  io.netty.util.internal.ThreadExecutorMap$2.run()V+11
j  io.netty.util.concurrent.FastThreadLocalRunnable.run()V+4
j  java.lang.Thread.run()V+11
v  ~StubRoutines::call_stub

---------------  P R O C E S S  ---------------

Java Threads: ( => current thread )
=>0x0000000013778800 JavaThread "nioEventLoopGroup-3-2" [_thread_in_vm, id=32144, stack(0x0000000000a10000,0x0000000000b10000)]
  0x0000000012db3800 JavaThread "nioEventLoopGroup-3-1" [_thread_in_native, id=27872, stack(0x0000000013460000,0x0000000013560000)]
  0x0000000013c74000 JavaThread "nioEventLoopGroup-2-1" [_thread_in_native, id=31668, stack(0x0000000014800000,0x0000000014900000)]
  0x000000001209f000 JavaThread "Thread-1" [_thread_blocked, id=33116, stack(0x00000000145c0000,0x00000000146c0000)]
  0x0000000012002000 JavaThread "Timer-0" daemon [_thread_blocked, id=33092, stack(0x0000000013360000,0x0000000013460000)]
  0x0000000011fad000 JavaThread "Service Thread" daemon [_thread_blocked, id=33104, stack(0x0000000012960000,0x0000000012a60000)]
  0x0000000011fab000 JavaThread "C2 CompilerThread1" daemon [_thread_blocked, id=33096, stack(0x0000000012860000,0x0000000012960000)]
  0x0000000011fb1000 JavaThread "C2 CompilerThread0" daemon [_thread_blocked, id=33108, stack(0x0000000012760000,0x0000000012860000)]
  0x0000000011ea2800 JavaThread "JDWP Command Reader" daemon [_thread_in_native, id=22400, stack(0x0000000012660000,0x0000000012760000)]
  0x0000000011ea2000 JavaThread "JDWP Event Helper Thread" daemon [_thread_blocked, id=20372, stack(0x0000000012560000,0x0000000012660000)]
  0x0000000002ccd800 JavaThread "JDWP Transport Listener: dt_socket" daemon [_thread_blocked, id=29400, stack(0x0000000012460000,0x0000000012560000)]
  0x0000000011e91800 JavaThread "Attach Listener" daemon [_thread_blocked, id=31020, stack(0x0000000012360000,0x0000000012460000)]
  0x0000000002cc3000 JavaThread "Signal Dispatcher" daemon [_thread_blocked, id=33756, stack(0x0000000012260000,0x0000000012360000)]
  0x000000000fe91000 JavaThread "Finalizer" daemon [_thread_blocked, id=33380, stack(0x0000000011d60000,0x0000000011e60000)]
  0x000000000fe8a800 JavaThread "Reference Handler" daemon [_thread_blocked, id=31112, stack(0x0000000011c60000,0x0000000011d60000)]
  0x0000000002ace800 JavaThread "main" [_thread_in_native, id=33004, stack(0x0000000002920000,0x0000000002a20000)]

Other Threads:
  0x000000000fe86000 VMThread [stack: 0x0000000011b60000,0x0000000011c60000] [id=29840]
  0x0000000011fd6000 WatcherThread [stack: 0x0000000012a60000,0x0000000012b60000] [id=33100]

VM state:synchronizing (normal execution)

VM Mutex/Monitor currently owned by a thread:  ([mutex/lock_event])
[0x0000000002accbd0] Threads_lock - owner thread: 0x000000000fe86000

Heap
 PSYoungGen      total 75776K, used 56161K [0x00000007abb00000, 0x00000007b0f80000, 0x0000000800000000)
  eden space 65024K, 86% used [0x00000007abb00000,0x00000007af1d8468,0x00000007afa80000)
  from space 10752K, 0% used [0x00000007b0500000,0x00000007b0500000,0x00000007b0f80000)
  to   space 10752K, 0% used [0x00000007afa80000,0x00000007afa80000,0x00000007b0500000)
 ParOldGen       total 172544K, used 0K [0x0000000703200000, 0x000000070da80000, 0x00000007abb00000)
  object space 172544K, 0% used [0x0000000703200000,0x0000000703200000,0x000000070da80000)
 PSPermGen       total 21504K, used 10665K [0x00000006fe000000, 0x00000006ff500000, 0x0000000703200000)
  object space 21504K, 49% used [0x00000006fe000000,0x00000006fea6a5f8,0x00000006ff500000)

Card table byte_map: [0x0000000005d90000,0x00000000065b0000] byte_map_base: 0x00000000025a0000

Polling page: 0x00000000025c0000

Code Cache  [0x0000000002cd0000, 0x0000000002f40000, 0x0000000005cd0000)
 total_blobs=421 nmethods=115 adapters=267 free_code_cache=47629Kb largest_free_block=48637760

Compilation events (10 events):
Event: 10.109 Thread 0x0000000011fb1000  111             org.eclipse.jdt.launching.internal.org.objectweb.asm.ClassReader::readCode (5089 bytes)
Event: 10.547 Thread 0x0000000011fb1000 nmethod 111 0x0000000002e4b690 code [0x0000000002e4c440, 0x0000000002e5d738]
Event: 69.534 Thread 0x0000000011fab000  112 %           org.eclipse.jdt.launching.internal.org.objectweb.asm.ClassReader::<init> @ 110 (371 bytes)
Event: 69.541 Thread 0x0000000011fb1000  113             org.eclipse.jdt.launching.internal.org.objectweb.asm.ClassReader::readStackMapFrame (535 bytes)
Event: 69.544 Thread 0x0000000011fab000 nmethod 112% 0x0000000002d765d0 code [0x0000000002d769a0, 0x0000000002d77388]
Event: 69.544 Thread 0x0000000011fab000  114             org.eclipse.jdt.launching.internal.org.objectweb.asm.MethodWriter::visitFrame (787 bytes)
Event: 69.602 Thread 0x0000000011fab000 nmethod 114 0x0000000002e0cc50 code [0x0000000002e0d0a0, 0x0000000002e12418]
Event: 69.602 Thread 0x0000000011fab000  115             org.eclipse.jdt.launching.internal.org.objectweb.asm.ClassReader::<init> (371 bytes)
Event: 69.608 Thread 0x0000000011fab000 nmethod 115 0x0000000002e0bf50 code [0x0000000002e0c180, 0x0000000002e0c7e8]
Event: 69.637 Thread 0x0000000011fb1000 nmethod 113 0x0000000002e3e690 code [0x0000000002e3eb00, 0x0000000002e45c98]

GC Heap History (0 events):
No events

Deoptimization events (10 events):
Event: 0.392 Thread 0x0000000002ace800 Uncommon trap: reason=unstable_if action=reinterpret pc=0x0000000002d3f528 method=org.eclipse.jdt.launching.internal.org.objectweb.asm.ClassReader.readUtf(II[C)Ljava/lang/String; @ 41
Event: 0.392 Thread 0x0000000002ace800 Uncommon trap: reason=unstable_if action=reinterpret pc=0x0000000002d3e828 method=org.eclipse.jdt.launching.internal.org.objectweb.asm.ByteVector.putUTF8(Ljava/lang/String;)Lorg/eclipse/jdt/launching/internal/org/objectweb/asm/ByteVector; @ 100
Event: 0.496 Thread 0x0000000002ace800 Uncommon trap: reason=unstable_if action=reinterpret pc=0x0000000002d40850 method=org.eclipse.jdt.launching.internal.org.objectweb.asm.ClassReader.readUTF8(I[C)Ljava/lang/String; @ 11
Event: 0.659 Thread 0x000000001209f000 Uncommon trap: reason=unstable_if action=reinterpret pc=0x0000000002d593e4 method=java.io.Win32FileSystem.normalize(Ljava/lang/String;)Ljava/lang/String; @ 128
Event: 0.735 Thread 0x000000001209f000 Uncommon trap: reason=unstable_if action=reinterpret pc=0x0000000002d6dc0c method=org.eclipse.jdt.launching.internal.org.objectweb.asm.ClassWriter.toByteArray()[B @ 295
Event: 2.255 Thread 0x000000001209f000 Uncommon trap: reason=unstable_if action=reinterpret pc=0x0000000002d8e5d4 method=org.eclipse.jdt.launching.internal.org.objectweb.asm.ClassReader.readCode(Lorg/eclipse/jdt/launching/internal/org/objectweb/asm/MethodVisitor;Lorg/eclipse/jdt/launching/interj¾J>v»#@
Event: 9.866 Thread 0x0000000012db3800 Uncommon trap: reason=unstable_if action=reinterpret pc=0x0000000002d55e74 method=org.eclipse.jdt.launching.internal.org.objectweb.asm.ClassReader.<init>([BIZ)V @ 354
Event: 9.870 Thread 0x0000000012db3800 Uncommon trap: reason=unstable_if action=reinterpret pc=0x0000000002dfc770 method=org.eclipse.jdt.launching.internal.org.objectweb.asm.ClassWriter.toByteArray()[B @ 390
Event: 10.109 Thread 0x0000000012db3800 Uncommon trap: reason=null_assert action=make_not_entrant pc=0x0000000002e278ac method=org.eclipse.jdt.launching.internal.org.objectweb.asm.ClassReader.readCode(Lorg/eclipse/jdt/launching/internal/org/objectweb/asm/MethodVisitor;Lorg/eclipse/jdt/launching/å$9žcQ@
Event: 69.557 Thread 0x0000000012db3800 Uncommon trap: reason=unstable_if action=reinterpret pc=0x0000000002d3feb0 method=sun.nio.cs.UTF_8$Decoder.decode([BII[C)I @ 30

Internal exceptions (10 events):
Event: 69.553 Thread 0x0000000012db3800 Threw 0x00000007aefc79d0 at C:\re\jdk7u80\2329\hotspot\src\share\vm\prims\jvm.cpp:1319
Event: 69.556 Thread 0x0000000012db3800 Threw 0x00000007af007f58 at C:\re\jdk7u80\2329\hotspot\src\share\vm\prims\jvm.cpp:1319
Event: 69.557 Thread 0x0000000012db3800 Threw 0x00000007af0128c8 at C:\re\jdk7u80\2329\hotspot\src\share\vm\prims\jvm.cpp:1319
Event: 69.559 Thread 0x0000000012db3800 Threw 0x00000007af0265f0 at C:\re\jdk7u80\2329\hotspot\src\share\vm\interpreter\interpreterRuntime.cpp:347
Event: 69.560 Thread 0x0000000012db3800 Threw 0x00000007af027ed0 at C:\re\jdk7u80\2329\hotspot\src\share\vm\prims\jvm.cpp:1319
Event: 69.560 Thread 0x0000000012db3800 Threw 0x00000007af02e478 at C:\re\jdk7u80\2329\hotspot\src\share\vm\prims\jvm.cpp:1319
Event: 109.204 Thread 0x0000000013778800 Threw 0x00000007af099310 at C:\re\jdk7u80\2329\hotspot\src\share\vm\prims\jvm.cpp:1319
Event: 109.206 Thread 0x0000000013778800 Threw 0x00000007af0e7a90 at C:\re\jdk7u80\2329\hotspot\src\share\vm\classfile\classFileParser.cpp:3059
Event: 109.207 Thread 0x0000000013778800 Threw 0x00000007af0e7a90 at C:\re\jdk7u80\2329\hotspot\src\share\vm\prims\jvm.cpp:1323
Event: 129.514 Thread 0x0000000012db3800 Threw 0x00000007af038020 at C:\re\jdk7u80\2329\hotspot\src\share\vm\interpreter\interpreterRuntime.cpp:347

Events (10 events):
Event: 113.325 Executing VM operation: GetOrSetLocal done
Event: 113.326 Executing VM operation: GetOrSetLocal
Event: 113.326 Executing VM operation: GetOrSetLocal done
Event: 113.326 Executing VM operation: GetOrSetLocal
Event: 113.326 Executing VM operation: GetOrSetLocal done
Event: 118.443 Executing VM operation: GetOrSetLocal
Event: 118.443 Executing VM operation: GetOrSetLocal done
Event: 126.093 Executing VM operation: GetOrSetLocal
Event: 126.093 Executing VM operation: GetOrSetLocal done
Event: 140.128 Executing VM operation: GetObjectMonitorUsage


Dynamic libraries:
0x00007ff73f1f0000 - 0x00007ff73f223000 	D:\Java\jdk1.7.0_80\bin\javaw.exe
0x00007fffc4200000 - 0x00007fffc43f0000 	C:\WINDOWS\SYSTEM32\ntdll.dll
0x00007fffc4100000 - 0x00007fffc41b2000 	C:\WINDOWS\System32\KERNEL32.DLL
0x00007fffc1220000 - 0x00007fffc14c5000 	C:\WINDOWS\System32\KERNELBASE.dll
0x00007fffc2e20000 - 0x00007fffc2ec3000 	C:\WINDOWS\System32\ADVAPI32.dll
0x00007fffc3b50000 - 0x00007fffc3bee000 	C:\WINDOWS\System32\msvcrt.dll
0x00007fffc3540000 - 0x00007fffc35d7000 	C:\WINDOWS\System32\sechost.dll
0x00007fffc35e0000 - 0x00007fffc3700000 	C:\WINDOWS\System32\RPCRT4.dll
0x00007fffc3ec0000 - 0x00007fffc4054000 	C:\WINDOWS\System32\USER32.dll
0x00007fffc2280000 - 0x00007fffc22a1000 	C:\WINDOWS\System32\win32u.dll
0x00007fffc2410000 - 0x00007fffc2436000 	C:\WINDOWS\System32\GDI32.dll
0x00007fffc1f90000 - 0x00007fffc2126000 	C:\WINDOWS\System32\gdi32full.dll
0x00007fffc1d40000 - 0x00007fffc1dde000 	C:\WINDOWS\System32\msvcp_win.dll
0x00007fffc1e90000 - 0x00007fffc1f8a000 	C:\WINDOWS\System32\ucrtbase.dll
0x00007fffa0910000 - 0x00007fffa0b94000 	C:\WINDOWS\WinSxS\amd64_microsoft.windows.common-controls_6595b64144ccf1df_6.0.18362.1256_none_9e7e379be45e40e2\COMCTL32.dll
0x00007fffc3740000 - 0x00007fffc3a76000 	C:\WINDOWS\System32\combase.dll
0x00007fffc1190000 - 0x00007fffc1211000 	C:\WINDOWS\System32\bcryptPrimitives.dll
0x00007fffc40c0000 - 0x00007fffc40ee000 	C:\WINDOWS\System32\IMM32.DLL
0x000000005a660000 - 0x000000005a732000 	D:\Java\jdk1.7.0_80\jre\bin\msvcr100.dll
0x0000000058ba0000 - 0x0000000059379000 	D:\Java\jdk1.7.0_80\jre\bin\server\jvm.dll
0x00007fffc3700000 - 0x00007fffc3708000 	C:\WINDOWS\System32\PSAPI.DLL
0x00007fffba8c0000 - 0x00007fffba8c9000 	C:\WINDOWS\SYSTEM32\WSOCK32.dll
0x00007fffbeb80000 - 0x00007fffbeba4000 	C:\WINDOWS\SYSTEM32\WINMM.dll
0x00007fffc33c0000 - 0x00007fffc342f000 	C:\WINDOWS\System32\WS2_32.dll
0x00007fffbe9b0000 - 0x00007fffbe9dd000 	C:\WINDOWS\SYSTEM32\winmmbase.dll
0x00007fffc1530000 - 0x00007fffc157a000 	C:\WINDOWS\System32\cfgmgr32.dll
0x000000005a650000 - 0x000000005a65f000 	D:\Java\jdk1.7.0_80\jre\bin\verify.dll
0x000000005a620000 - 0x000000005a648000 	D:\Java\jdk1.7.0_80\jre\bin\java.dll
0x0000000058b60000 - 0x0000000058b95000 	D:\Java\jdk1.7.0_80\jre\bin\jdwp.dll
0x0000000058b50000 - 0x0000000058b58000 	D:\Java\jdk1.7.0_80\jre\bin\npt.dll
0x0000000058b20000 - 0x0000000058b43000 	D:\Java\jdk1.7.0_80\jre\bin\instrument.dll
0x0000000058b00000 - 0x0000000058b16000 	D:\Java\jdk1.7.0_80\jre\bin\zip.dll
0x0000000058af0000 - 0x0000000058af9000 	D:\Java\jdk1.7.0_80\jre\bin\dt_socket.dll
0x00007fffa1ff0000 - 0x00007fffa2006000 	C:\WINDOWS\system32\napinsp.dll
0x00007fff9a840000 - 0x00007fff9a85a000 	C:\WINDOWS\system32\pnrpnsp.dll
0x00007fffc08f0000 - 0x00007fffc0957000 	C:\WINDOWS\System32\mswsock.dll
0x00007fffc0640000 - 0x00007fffc070b000 	C:\WINDOWS\SYSTEM32\DNSAPI.dll
0x00007fffc40f0000 - 0x00007fffc40f8000 	C:\WINDOWS\System32\NSI.dll
0x00007fffc0600000 - 0x00007fffc063a000 	C:\WINDOWS\SYSTEM32\IPHLPAPI.DLL
0x00007fffaa5d0000 - 0x00007fffaa5de000 	C:\WINDOWS\System32\winrnr.dll
0x00007fffbd0d0000 - 0x00007fffbd0ec000 	C:\WINDOWS\system32\NLAapi.dll
0x00007fffbc0c0000 - 0x00007fffbc0d5000 	C:\WINDOWS\system32\wshbth.dll
0x00007fffb4120000 - 0x00007fffb4197000 	C:\WINDOWS\System32\fwpuclnt.dll
0x00007fffc1580000 - 0x00007fffc15a6000 	C:\WINDOWS\System32\bcrypt.dll
0x00007fffb36e0000 - 0x00007fffb36ea000 	C:\Windows\System32\rasadhlp.dll
0x0000000058150000 - 0x000000005815b000 	D:\Java\jdk1.7.0_80\jre\bin\management.dll
0x0000000058130000 - 0x000000005814a000 	D:\Java\jdk1.7.0_80\jre\bin\net.dll
0x0000000058110000 - 0x0000000058121000 	D:\Java\jdk1.7.0_80\jre\bin\nio.dll
0x00007fffc1170000 - 0x00007fffc1187000 	C:\WINDOWS\System32\CRYPTSP.dll
0x00007fffc0400000 - 0x00007fffc0433000 	C:\WINDOWS\system32\rsaenh.dll
0x00007fffc0f80000 - 0x00007fffc0fa5000 	C:\WINDOWS\SYSTEM32\USERENV.dll
0x00007fffc1120000 - 0x00007fffc1143000 	C:\WINDOWS\System32\profapi.dll
0x00007fffc0ac0000 - 0x00007fffc0acc000 	C:\WINDOWS\SYSTEM32\CRYPTBASE.dll
0x00007fffb6790000 - 0x00007fffb67a6000 	C:\WINDOWS\SYSTEM32\dhcpcsvc6.DLL
0x00007fffb6770000 - 0x00007fffb678c000 	C:\WINDOWS\SYSTEM32\dhcpcsvc.DLL

VM Arguments:
jvm_args: -agentlib:jdwp=transport=dt_socket,suspend=y,address=localhost:49800 -javaagent:D:\eclipse\configuration\org.eclipse.osgi\438\0\.cp\lib\javaagent-shaded.jar -Dfile.encoding=UTF-8 
java_command: ServerMain
Launcher Type: SUN_STANDARD

Environment Variables:
JAVA_HOME=D:\Java\jdk1.7.0_80
CLASSPATH=D:\Java\jdk1.7.0_80\lib
PATH=D:\Java\jdk1.7.0_80\jre\bin;C:\Program Files (x86)\NetSarang\Xftp 6\;C:\Program Files (x86)\NetSarang\Xshell 6\;C:\Program Files (x86)\Common Files\Oracle\Java\javapath;C:\Program Files (x86)\Intel\Intel(R) Management Engine Components\iCLS\;C:\Program Files\Intel\Intel(R) Management Engine Components\iCLS\;C:\WINDOWS\system32;C:\WINDOWS;C:\WINDOWS\System32\Wbem;C:\WINDOWS\System32\WindowsPowerShell\v1.0\;C:\WINDOWS\System32\OpenSSH\;C:\Program Files (x86)\Intel\Intel(R) Management Engine Components\DAL;C:\Program Files\Intel\Intel(R) Management Engine Components\DAL;D:\Java\jdk1.7.0_80\bin;C:\Program Files (x86)\NetSarang\Xshell 7\;C:\Program Files (x86)\NetSarang\Xftp 7\;C:\Program Files\Git\bin;C:\Users\avgen\AppData\Local\Programs\Eclipse Che\eclipse-che-4.0.0-RC13\tools\jre\bin;C:\Users\avgen\.cargo\bin;C:\Users\avgen\AppData\Local\Microsoft\WindowsApps;C:\Users\avgen\AppData\Local\atom\bin;C:\Program Files\Bandizip\;C:\Users\avgen\AppData\Local\Microsoft\WindowsApps;
USERNAME=avgen
OS=Windows_NT
PROCESSOR_IDENTIFIER=Intel64 Family 6 Model 142 Stepping 11, GenuineIntel



---------------  S Y S T E M  ---------------

OS: Windows 8.1 , 64 bit Build 9600 

CPU:total 8 (4 cores per cpu, 2 threads per core) family 6 model 142 stepping 11, cmov, cx8, fxsr, mmx, sse, sse2, sse3, ssse3, sse4.1, sse4.2, popcnt, avx, avx2, aes, erms, ht, tsc, tscinvbit

Memory: 4k page, physical 16566304k(8786680k free), swap 34392096k(22504932k free)

vm_info: Java HotSpot(TM) 64-Bit Server VM (24.80-b11) for windows-amd64 JRE (1.7.0_80-b15), built on Apr 10 2015 11:26:34 by "java_re" with unknown MS VC++:1600

time: Tue Feb 02 16:45:12 2021
elapsed time: 140 seconds

